Determining if the pthread_create exist failed with the following output:
Change Dir: /home/cedric/Documents/Code/DescImg/build/CMakeFiles/CMakeTmp

Run Build Command:"/usr/bin/make" "cmTC_4faec/fast"
/usr/bin/make -f CMakeFiles/cmTC_4faec.dir/build.make CMakeFiles/cmTC_4faec.dir/build
make[1] : on entre dans le répertoire « /home/cedric/Documents/Code/DescImg/build/CMakeFiles/CMakeTmp »
Building C object CMakeFiles/cmTC_4faec.dir/CheckSymbolExists.c.o
/usr/bin/cc    -o CMakeFiles/cmTC_4faec.dir/CheckSymbolExists.c.o   -c /home/cedric/Documents/Code/DescImg/build/CMakeFiles/CMakeTmp/CheckSymbolExists.c
Linking C executable cmTC_4faec
/usr/bin/cmake -E cmake_link_script CMakeFiles/cmTC_4faec.dir/link.txt --verbose=1
/usr/bin/cc      -rdynamic CMakeFiles/cmTC_4faec.dir/CheckSymbolExists.c.o  -o cmTC_4faec 
CMakeFiles/cmTC_4faec.dir/CheckSymbolExists.c.o : Dans la fonction « main » :
CheckSymbolExists.c:(.text+0x1b) : référence indéfinie vers « pthread_create »
collect2: error: ld returned 1 exit status
CMakeFiles/cmTC_4faec.dir/build.make:97: recipe for target 'cmTC_4faec' failed
make[1]: *** [cmTC_4faec] Error 1
make[1] : on quitte le répertoire « /home/cedric/Documents/Code/DescImg/build/CMakeFiles/CMakeTmp »
Makefile:126: recipe for target 'cmTC_4faec/fast' failed
make: *** [cmTC_4faec/fast] Error 2

File /home/cedric/Documents/Code/DescImg/build/CMakeFiles/CMakeTmp/CheckSymbolExists.c:
/* */
#include <pthread.h>

int main(int argc, char** argv)
{
  (void)argv;
#ifndef pthread_create
  return ((int*)(&pthread_create))[argc];
#else
  (void)argc;
  return 0;
#endif
}

Determining if the function pthread_create exists in the pthreads failed with the following output:
Change Dir: /home/cedric/Documents/Code/DescImg/build/CMakeFiles/CMakeTmp

Run Build Command:"/usr/bin/make" "cmTC_01063/fast"
/usr/bin/make -f CMakeFiles/cmTC_01063.dir/build.make CMakeFiles/cmTC_01063.dir/build
make[1] : on entre dans le répertoire « /home/cedric/Documents/Code/DescImg/build/CMakeFiles/CMakeTmp »
Building C object CMakeFiles/cmTC_01063.dir/CheckFunctionExists.c.o
/usr/bin/cc   -DCHECK_FUNCTION_EXISTS=pthread_create   -o CMakeFiles/cmTC_01063.dir/CheckFunctionExists.c.o   -c /usr/share/cmake-3.10/Modules/CheckFunctionExists.c
Linking C executable cmTC_01063
/usr/bin/cmake -E cmake_link_script CMakeFiles/cmTC_01063.dir/link.txt --verbose=1
/usr/bin/cc  -DCHECK_FUNCTION_EXISTS=pthread_create    -rdynamic CMakeFiles/cmTC_01063.dir/CheckFunctionExists.c.o  -o cmTC_01063 -lpthreads 
/usr/bin/ld : ne peut trouver -lpthreads
collect2: error: ld returned 1 exit status
CMakeFiles/cmTC_01063.dir/build.make:97: recipe for target 'cmTC_01063' failed
make[1]: *** [cmTC_01063] Error 1
make[1] : on quitte le répertoire « /home/cedric/Documents/Code/DescImg/build/CMakeFiles/CMakeTmp »
Makefile:126: recipe for target 'cmTC_01063/fast' failed
make: *** [cmTC_01063/fast] Error 2


